2025-02-07 13:45:33,065 Приложение запущено
2025-02-07 13:45:34,780 Критическая ошибка: было найдено только 1 камер! [0]
2025-02-07 13:45:34,883 Критическая ошибка: не было найдено подключенного com-порт устройства
2025-02-07 13:45:37,488 Обработка запущена
2025-02-07 13:45:38,783 Обнаружен дефект: 0.8328956961631775:0.45 *** images/boxes/2025/02/07/1738910738782971677.png
2025-02-07 13:45:38,916 Обработка приостановлена
2025-02-07 13:45:39,633 Обнаружен дефект: 0.8455013632774353:0.45 *** images/boxes/2025/02/07/1738910739633107848.png
2025-02-07 13:45:39,653 Обнаружен дефект: 0.8419147729873657:0.45 *** images/boxes/2025/02/07/1738910739652753990.png
2025-02-07 13:45:39,672 Обнаружен дефект: 0.8501123189926147:0.45 *** images/boxes/2025/02/07/1738910739672306722.png
2025-02-07 13:45:39,692 Обнаружен дефект: 0.8288547992706299:0.45 *** images/boxes/2025/02/07/1738910739691527069.png
2025-02-07 13:45:39,710 Обнаружен дефект: 0.8271551728248596:0.45 *** images/boxes/2025/02/07/1738910739710516192.png
2025-02-07 13:45:39,728 Обнаружен дефект: 0.8161500096321106:0.45 *** images/boxes/2025/02/07/1738910739727916838.png
2025-02-07 13:45:39,806 Обработка приостановлена
2025-02-07 13:45:39,902 Обнаружен дефект: 0.8230044841766357:0.45 *** images/boxes/2025/02/07/1738910739901638524.png
2025-02-07 13:45:40,108 Обработка приостановлена
2025-02-07 13:45:43,099 Обработка запущена
2025-02-07 13:45:47,440 Обнаружен дефект: 0.47665274143218994:0.45 *** images/boxes/2025/02/07/1738910747439793937.png
2025-02-07 13:45:47,608 Обработка приостановлена
2025-02-07 13:45:47,645 Обнаружен дефект: 0.534478485584259:0.45 *** images/boxes/2025/02/07/1738910747644638150.png
2025-02-07 13:45:47,908 Обработка приостановлена
2025-02-07 13:45:51,048 Сброс счетчика: 10 -> 0
2025-02-07 13:46:35,623 Обработка запущена
2025-02-07 13:46:35,832 Обнаружен дефект: 0.8036134243011475:0.45 *** images/boxes/2025/02/07/1738910795832097528.png
2025-02-07 13:46:35,907 Обработка приостановлена
2025-02-07 13:46:35,995 Обнаружен дефект: 0.6663852334022522:0.45 *** images/boxes/2025/02/07/1738910795994844552.png
2025-02-07 13:46:36,208 Обработка приостановлена
2025-02-07 13:46:37,885 Приложение закрыто
